# JRE version: Java(TM) SE Runtime Environment (17.0.12+8) (build 17.0.12+8-LTS-286)
# Java VM: Java HotSpot(TM) 64-Bit Server VM (17.0.12+8-LTS-286, mixed mode, sharing, tiered, compressed oops, compressed class ptrs, g1 gc, windows-amd64)
GC Precious Log:
 CPUs: 12 total, 12 available
 Memory: 7549M
 Large Page Support: Disabled
 NUMA Support: Disabled
 Compressed Oops: Enabled (32-bit)
 Heap Region Size: 1M
 Heap Min Capacity: 8M
 Heap Initial Capacity: 118M
 Heap Max Capacity: 2G
 Pre-touch: Disabled
 Parallel Workers: 10
 Concurrent Workers: 3
 Concurrent Refinement Workers: 10
 Periodic GC: Disabled
Heap:
 garbage-first heap   total 358400K, used 241561K [0x0000000080000000, 0x0000000100000000)
  region size 1024K, 4 young (4096K), 4 survivors (4096K)
 Metaspace       used 119241K, committed 120320K, reserved 1179648K
  class space    used 15910K, committed 16384K, reserved 1048576K
GC Heap History (20 events):
Event: 41.845 GC heap after
{Heap after GC invocations=57 (full 0):
 garbage-first heap   total 249856K, used 181692K [0x0000000080000000, 0x0000000100000000)
  region size 1024K, 5 young (5120K), 5 survivors (5120K)
 Metaspace       used 110595K, committed 111616K, reserved 1179648K
  class space    used 15081K, committed 15552K, reserved 1048576K
}
Event: 42.390 GC heap before
{Heap before GC invocations=57 (full 0):
 garbage-first heap   total 249856K, used 213436K [0x0000000080000000, 0x0000000100000000)
  region size 1024K, 36 young (36864K), 5 survivors (5120K)
 Metaspace       used 112430K, committed 113472K, reserved 1179648K
  class space    used 15256K, committed 15744K, reserved 1048576K
}
Event: 42.396 GC heap after
{Heap after GC invocations=58 (full 0):
 garbage-first heap   total 249856K, used 185189K [0x0000000080000000, 0x0000000100000000)
  region size 1024K, 5 young (5120K), 5 survivors (5120K)
 Metaspace       used 112430K, committed 113472K, reserved 1179648K
  class space    used 15256K, committed 15744K, reserved 1048576K
}
Event: 42.837 GC heap before
{Heap before GC invocations=58 (full 0):
 garbage-first heap   total 249856K, used 213861K [0x0000000080000000, 0x0000000100000000)
  region size 1024K, 34 young (34816K), 5 survivors (5120K)
 Metaspace       used 112642K, committed 113728K, reserved 1179648K
  class space    used 15256K, committed 15744K, reserved 1048576K
}
Event: 42.842 GC heap after
{Heap after GC invocations=59 (full 0):
 garbage-first heap   total 249856K, used 190301K [0x0000000080000000, 0x0000000100000000)
  region size 1024K, 5 young (5120K), 5 survivors (5120K)
 Metaspace       used 112642K, committed 113728K, reserved 1179648K
  class space    used 15256K, committed 15744K, reserved 1048576K
}
Event: 43.231 GC heap before
{Heap before GC invocations=59 (full 0):
 garbage-first heap   total 249856K, used 213853K [0x0000000080000000, 0x0000000100000000)
  region size 1024K, 23 young (23552K), 5 survivors (5120K)
 Metaspace       used 112654K, committed 113728K, reserved 1179648K
  class space    used 15256K, committed 15744K, reserved 1048576K
}
Event: 43.238 GC heap after
{Heap after GC invocations=60 (full 0):
 garbage-first heap   total 249856K, used 199983K [0x0000000080000000, 0x0000000100000000)
  region size 1024K, 4 young (4096K), 4 survivors (4096K)
 Metaspace       used 112654K, committed 113728K, reserved 1179648K
  class space    used 15256K, committed 15744K, reserved 1048576K
}
Event: 43.391 GC heap before
{Heap before GC invocations=61 (full 0):
 garbage-first heap   total 358400K, used 216367K [0x0000000080000000, 0x0000000100000000)
  region size 1024K, 18 young (18432K), 4 survivors (4096K)
 Metaspace       used 112658K, committed 113728K, reserved 1179648K
  class space    used 15256K, committed 15744K, reserved 1048576K
}
Event: 43.400 GC heap after
{Heap after GC invocations=62 (full 0):
 garbage-first heap   total 358400K, used 209127K [0x0000000080000000, 0x0000000100000000)
  region size 1024K, 3 young (3072K), 3 survivors (3072K)
 Metaspace       used 112658K, committed 113728K, reserved 1179648K
  class space    used 15256K, committed 15744K, reserved 1048576K
}
Event: 43.542 GC heap before
{Heap before GC invocations=62 (full 0):
 garbage-first heap   total 358400K, used 222439K [0x0000000080000000, 0x0000000100000000)
  region size 1024K, 17 young (17408K), 3 survivors (3072K)
 Metaspace       used 112660K, committed 113728K, reserved 1179648K
  class space    used 15256K, committed 15744K, reserved 1048576K
}
Event: 43.550 GC heap after
{Heap after GC invocations=63 (full 0):
 garbage-first heap   total 358400K, used 209523K [0x0000000080000000, 0x0000000100000000)
  region size 1024K, 3 young (3072K), 3 survivors (3072K)
 Metaspace       used 112660K, committed 113728K, reserved 1179648K
  class space    used 15256K, committed 15744K, reserved 1048576K
}
Event: 44.440 GC heap before
{Heap before GC invocations=63 (full 0):
 garbage-first heap   total 358400K, used 268915K [0x0000000080000000, 0x0000000100000000)
  region size 1024K, 54 young (55296K), 3 survivors (3072K)
 Metaspace       used 113382K, committed 114432K, reserved 1179648K
  class space    used 15333K, committed 15808K, reserved 1048576K
}
Event: 44.448 GC heap after
{Heap after GC invocations=64 (full 0):
 garbage-first heap   total 358400K, used 215975K [0x0000000080000000, 0x0000000100000000)
  region size 1024K, 7 young (7168K), 7 survivors (7168K)
 Metaspace       used 113382K, committed 114432K, reserved 1179648K
  class space    used 15333K, committed 15808K, reserved 1048576K
}
Event: 45.209 GC heap before
{Heap before GC invocations=64 (full 0):
 garbage-first heap   total 358400K, used 270247K [0x0000000080000000, 0x0000000100000000)
  region size 1024K, 60 young (61440K), 7 survivors (7168K)
 Metaspace       used 115775K, committed 116800K, reserved 1179648K
  class space    used 15601K, committed 16064K, reserved 1048576K
}
Event: 45.220 GC heap after
{Heap after GC invocations=65 (full 0):
 garbage-first heap   total 358400K, used 223969K [0x0000000080000000, 0x0000000100000000)
  region size 1024K, 8 young (8192K), 8 survivors (8192K)
 Metaspace       used 115775K, committed 116800K, reserved 1179648K
  class space    used 15601K, committed 16064K, reserved 1048576K
}
Event: 45.442 GC heap before
{Heap before GC invocations=65 (full 0):
 garbage-first heap   total 358400K, used 303841K [0x0000000080000000, 0x0000000100000000)
  region size 1024K, 59 young (60416K), 8 survivors (8192K)
 Metaspace       used 116156K, committed 117248K, reserved 1179648K
  class space    used 15629K, committed 16128K, reserved 1048576K
}
Event: 45.450 GC heap after
{Heap after GC invocations=66 (full 0):
 garbage-first heap   total 358400K, used 228840K [0x0000000080000000, 0x0000000100000000)
  region size 1024K, 8 young (8192K), 8 survivors (8192K)
 Metaspace       used 116156K, committed 117248K, reserved 1179648K
  class space    used 15629K, committed 16128K, reserved 1048576K
}
Event: 45.637 GC heap before
{Heap before GC invocations=66 (full 0):
 garbage-first heap   total 358400K, used 280040K [0x0000000080000000, 0x0000000100000000)
  region size 1024K, 59 young (60416K), 8 survivors (8192K)
 Metaspace       used 118725K, committed 119872K, reserved 1179648K
  class space    used 15872K, committed 16384K, reserved 1048576K
}
Event: 45.645 GC heap after
{Heap after GC invocations=67 (full 0):
 garbage-first heap   total 358400K, used 237905K [0x0000000080000000, 0x0000000100000000)
  region size 1024K, 8 young (8192K), 8 survivors (8192K)
 Metaspace       used 118725K, committed 119872K, reserved 1179648K
  class space    used 15872K, committed 16384K, reserved 1048576K
}
Event: 45.791 GC heap before
{Heap before GC invocations=67 (full 0):
 garbage-first heap   total 358400K, used 286033K [0x0000000080000000, 0x0000000100000000)
  region size 1024K, 56 young (57344K), 8 survivors (8192K)
 Metaspace       used 119241K, committed 120320K, reserved 1179648K
  class space    used 15910K, committed 16384K, reserved 1048576K
}

