# JRE version: Java(TM) SE Runtime Environment (17.0.12+8) (build 17.0.12+8-LTS-286)
# Java VM: Java HotSpot(TM) 64-Bit Server VM (17.0.12+8-LTS-286, mixed mode, sharing, tiered, compressed oops, compressed class ptrs, g1 gc, windows-amd64)
GC Precious Log:
 CPUs: 12 total, 12 available
 Memory: 7549M
 Large Page Support: Disabled
 NUMA Support: Disabled
 Compressed Oops: Enabled (32-bit)
 Heap Region Size: 1M
 Heap Min Capacity: 8M
 Heap Initial Capacity: 118M
 Heap Max Capacity: 2G
 Pre-touch: Disabled
 Parallel Workers: 10
 Concurrent Workers: 3
 Concurrent Refinement Workers: 10
 Periodic GC: Disabled
Heap:
 garbage-first heap   total 92160K, used 33588K [0x0000000080000000, 0x0000000100000000)
  region size 1024K, 9 young (9216K), 6 survivors (6144K)
 Metaspace       used 33510K, committed 33920K, reserved 1114112K
  class space    used 4766K, committed 4992K, reserved 1048576K
GC Heap History (14 events):
Event: 1.002 GC heap before
{Heap before GC invocations=0 (full 0):
 garbage-first heap   total 120832K, used 22528K [0x0000000080000000, 0x0000000100000000)
  region size 1024K, 23 young (23552K), 0 survivors (0K)
 Metaspace       used 1097K, committed 1216K, reserved 1114112K
  class space    used 73K, committed 128K, reserved 1048576K
}
Event: 1.012 GC heap after
{Heap after GC invocations=1 (full 0):
 garbage-first heap   total 120832K, used 4592K [0x0000000080000000, 0x0000000100000000)
  region size 1024K, 3 young (3072K), 3 survivors (3072K)
 Metaspace       used 1097K, committed 1216K, reserved 1114112K
  class space    used 73K, committed 128K, reserved 1048576K
}
Event: 2.161 GC heap before
{Heap before GC invocations=1 (full 0):
 garbage-first heap   total 120832K, used 39408K [0x0000000080000000, 0x0000000100000000)
  region size 1024K, 34 young (34816K), 3 survivors (3072K)
 Metaspace       used 4362K, committed 4544K, reserved 1114112K
  class space    used 541K, committed 640K, reserved 1048576K
}
Event: 2.169 GC heap after
{Heap after GC invocations=2 (full 0):
 garbage-first heap   total 120832K, used 11477K [0x0000000080000000, 0x0000000100000000)
  region size 1024K, 3 young (3072K), 3 survivors (3072K)
 Metaspace       used 4362K, committed 4544K, reserved 1114112K
  class space    used 541K, committed 640K, reserved 1048576K
}
Event: 2.860 GC heap before
{Heap before GC invocations=2 (full 0):
 garbage-first heap   total 120832K, used 56533K [0x0000000080000000, 0x0000000100000000)
  region size 1024K, 45 young (46080K), 3 survivors (3072K)
 Metaspace       used 4665K, committed 4864K, reserved 1114112K
  class space    used 584K, committed 704K, reserved 1048576K
}
Event: 2.866 GC heap after
{Heap after GC invocations=3 (full 0):
 garbage-first heap   total 120832K, used 17119K [0x0000000080000000, 0x0000000100000000)
  region size 1024K, 6 young (6144K), 6 survivors (6144K)
 Metaspace       used 4665K, committed 4864K, reserved 1114112K
  class space    used 584K, committed 704K, reserved 1048576K
}
Event: 4.628 GC heap before
{Heap before GC invocations=3 (full 0):
 garbage-first heap   total 120832K, used 82655K [0x0000000080000000, 0x0000000100000000)
  region size 1024K, 70 young (71680K), 6 survivors (6144K)
 Metaspace       used 16428K, committed 16768K, reserved 1114112K
  class space    used 2321K, committed 2496K, reserved 1048576K
}
Event: 4.636 GC heap after
{Heap after GC invocations=4 (full 0):
 garbage-first heap   total 120832K, used 22146K [0x0000000080000000, 0x0000000100000000)
  region size 1024K, 8 young (8192K), 8 survivors (8192K)
 Metaspace       used 16428K, committed 16768K, reserved 1114112K
  class space    used 2321K, committed 2496K, reserved 1048576K
}
Event: 7.558 GC heap before
{Heap before GC invocations=4 (full 0):
 garbage-first heap   total 120832K, used 63106K [0x0000000080000000, 0x0000000100000000)
  region size 1024K, 49 young (50176K), 8 survivors (8192K)
 Metaspace       used 21193K, committed 21504K, reserved 1114112K
  class space    used 3100K, committed 3264K, reserved 1048576K
}
Event: 7.565 GC heap after
{Heap after GC invocations=5 (full 0):
 garbage-first heap   total 120832K, used 25266K [0x0000000080000000, 0x0000000100000000)
  region size 1024K, 4 young (4096K), 4 survivors (4096K)
 Metaspace       used 21193K, committed 21504K, reserved 1114112K
  class space    used 3100K, committed 3264K, reserved 1048576K
}
Event: 8.503 GC heap before
{Heap before GC invocations=6 (full 0):
 garbage-first heap   total 92160K, used 76466K [0x0000000080000000, 0x0000000100000000)
  region size 1024K, 54 young (55296K), 4 survivors (4096K)
 Metaspace       used 27550K, committed 27968K, reserved 1114112K
  class space    used 4080K, committed 4288K, reserved 1048576K
}
Event: 8.507 GC heap after
{Heap after GC invocations=7 (full 0):
 garbage-first heap   total 92160K, used 27174K [0x0000000080000000, 0x0000000100000000)
  region size 1024K, 6 young (6144K), 6 survivors (6144K)
 Metaspace       used 27550K, committed 27968K, reserved 1114112K
  class space    used 4080K, committed 4288K, reserved 1048576K
}
Event: 9.048 GC heap before
{Heap before GC invocations=7 (full 0):
 garbage-first heap   total 92160K, used 68134K [0x0000000080000000, 0x0000000100000000)
  region size 1024K, 47 young (48128K), 6 survivors (6144K)
 Metaspace       used 33180K, committed 33600K, reserved 1114112K
  class space    used 4706K, committed 4928K, reserved 1048576K
}
Event: 9.056 GC heap after
{Heap after GC invocations=8 (full 0):
 garbage-first heap   total 92160K, used 31540K [0x0000000080000000, 0x0000000100000000)
  region size 1024K, 6 young (6144K), 6 survivors (6144K)
 Metaspace       used 33180K, committed 33600K, reserved 1114112K
  class space    used 4706K, committed 4928K, reserved 1048576K
}

