# JRE version: Java(TM) SE Runtime Environment (17.0.12+8) (build 17.0.12+8-LTS-286)
# Java VM: Java HotSpot(TM) 64-Bit Server VM (17.0.12+8-LTS-286, mixed mode, sharing, tiered, compressed oops, compressed class ptrs, g1 gc, windows-amd64)
GC Precious Log:
 CPUs: 12 total, 12 available
 Memory: 7549M
 Large Page Support: Disabled
 NUMA Support: Disabled
 Compressed Oops: Enabled (32-bit)
 Heap Region Size: 1M
 Heap Min Capacity: 8M
 Heap Initial Capacity: 118M
 Heap Max Capacity: 2G
 Pre-touch: Disabled
 Parallel Workers: 10
 Concurrent Workers: 3
 Concurrent Refinement Workers: 10
 Periodic GC: Disabled
Heap:
 garbage-first heap   total 110592K, used 79906K [0x0000000080000000, 0x0000000100000000)
  region size 1024K, 42 young (43008K), 5 survivors (5120K)
 Metaspace       used 46500K, committed 46976K, reserved 1114112K
  class space    used 6511K, committed 6720K, reserved 1048576K
GC Heap History (20 events):
Event: 1.129 GC heap before
{Heap before GC invocations=1 (full 0):
 garbage-first heap   total 120832K, used 39526K [0x0000000080000000, 0x0000000100000000)
  region size 1024K, 34 young (34816K), 3 survivors (3072K)
 Metaspace       used 4350K, committed 4544K, reserved 1114112K
  class space    used 541K, committed 640K, reserved 1048576K
}
Event: 1.135 GC heap after
{Heap after GC invocations=2 (full 0):
 garbage-first heap   total 120832K, used 11330K [0x0000000080000000, 0x0000000100000000)
  region size 1024K, 3 young (3072K), 3 survivors (3072K)
 Metaspace       used 4350K, committed 4544K, reserved 1114112K
  class space    used 541K, committed 640K, reserved 1048576K
}
Event: 1.622 GC heap before
{Heap before GC invocations=2 (full 0):
 garbage-first heap   total 120832K, used 57410K [0x0000000080000000, 0x0000000100000000)
  region size 1024K, 46 young (47104K), 3 survivors (3072K)
 Metaspace       used 4848K, committed 5056K, reserved 1114112K
  class space    used 626K, committed 704K, reserved 1048576K
}
Event: 1.628 GC heap after
{Heap after GC invocations=3 (full 0):
 garbage-first heap   total 120832K, used 16873K [0x0000000080000000, 0x0000000100000000)
  region size 1024K, 6 young (6144K), 6 survivors (6144K)
 Metaspace       used 4848K, committed 5056K, reserved 1114112K
  class space    used 626K, committed 704K, reserved 1048576K
}
Event: 3.162 GC heap before
{Heap before GC invocations=3 (full 0):
 garbage-first heap   total 120832K, used 82409K [0x0000000080000000, 0x0000000100000000)
  region size 1024K, 70 young (71680K), 6 survivors (6144K)
 Metaspace       used 16638K, committed 16960K, reserved 1114112K
  class space    used 2353K, committed 2496K, reserved 1048576K
}
Event: 3.170 GC heap after
{Heap after GC invocations=4 (full 0):
 garbage-first heap   total 120832K, used 22497K [0x0000000080000000, 0x0000000100000000)
  region size 1024K, 9 young (9216K), 9 survivors (9216K)
 Metaspace       used 16638K, committed 16960K, reserved 1114112K
  class space    used 2353K, committed 2496K, reserved 1048576K
}
Event: 3.944 GC heap before
{Heap before GC invocations=4 (full 0):
 garbage-first heap   total 120832K, used 61409K [0x0000000080000000, 0x0000000100000000)
  region size 1024K, 48 young (49152K), 9 survivors (9216K)
 Metaspace       used 21190K, committed 21504K, reserved 1114112K
  class space    used 3098K, committed 3264K, reserved 1048576K
}
Event: 3.952 GC heap after
{Heap after GC invocations=5 (full 0):
 garbage-first heap   total 120832K, used 25318K [0x0000000080000000, 0x0000000100000000)
  region size 1024K, 4 young (4096K), 4 survivors (4096K)
 Metaspace       used 21190K, committed 21504K, reserved 1114112K
  class space    used 3098K, committed 3264K, reserved 1048576K
}
Event: 4.644 GC heap before
{Heap before GC invocations=6 (full 0):
 garbage-first heap   total 92160K, used 76518K [0x0000000080000000, 0x0000000100000000)
  region size 1024K, 54 young (55296K), 4 survivors (4096K)
 Metaspace       used 27561K, committed 27968K, reserved 1114112K
  class space    used 4084K, committed 4288K, reserved 1048576K
}
Event: 4.648 GC heap after
{Heap after GC invocations=7 (full 0):
 garbage-first heap   total 92160K, used 27311K [0x0000000080000000, 0x0000000100000000)
  region size 1024K, 6 young (6144K), 6 survivors (6144K)
 Metaspace       used 27561K, committed 27968K, reserved 1114112K
  class space    used 4084K, committed 4288K, reserved 1048576K
}
Event: 5.129 GC heap before
{Heap before GC invocations=7 (full 0):
 garbage-first heap   total 92160K, used 69295K [0x0000000080000000, 0x0000000100000000)
  region size 1024K, 48 young (49152K), 6 survivors (6144K)
 Metaspace       used 33191K, committed 33664K, reserved 1114112K
  class space    used 4719K, committed 4928K, reserved 1048576K
}
Event: 5.135 GC heap after
{Heap after GC invocations=8 (full 0):
 garbage-first heap   total 92160K, used 31304K [0x0000000080000000, 0x0000000100000000)
  region size 1024K, 6 young (6144K), 6 survivors (6144K)
 Metaspace       used 33191K, committed 33664K, reserved 1114112K
  class space    used 4719K, committed 4928K, reserved 1048576K
}
Event: 5.418 GC heap before
{Heap before GC invocations=8 (full 0):
 garbage-first heap   total 92160K, used 54856K [0x0000000080000000, 0x0000000100000000)
  region size 1024K, 26 young (26624K), 6 survivors (6144K)
 Metaspace       used 35596K, committed 35968K, reserved 1114112K
  class space    used 4982K, committed 5184K, reserved 1048576K
}
Event: 5.423 GC heap after
{Heap after GC invocations=9 (full 0):
 garbage-first heap   total 110592K, used 33552K [0x0000000080000000, 0x0000000100000000)
  region size 1024K, 3 young (3072K), 3 survivors (3072K)
 Metaspace       used 35596K, committed 35968K, reserved 1114112K
  class space    used 4982K, committed 5184K, reserved 1048576K
}
Event: 6.017 GC heap before
{Heap before GC invocations=10 (full 0):
 garbage-first heap   total 110592K, used 83728K [0x0000000080000000, 0x0000000100000000)
  region size 1024K, 51 young (52224K), 3 survivors (3072K)
 Metaspace       used 40771K, committed 41216K, reserved 1114112K
  class space    used 5707K, committed 5888K, reserved 1048576K
}
Event: 6.021 GC heap after
{Heap after GC invocations=11 (full 0):
 garbage-first heap   total 110592K, used 35983K [0x0000000080000000, 0x0000000100000000)
  region size 1024K, 5 young (5120K), 5 survivors (5120K)
 Metaspace       used 40771K, committed 41216K, reserved 1114112K
  class space    used 5707K, committed 5888K, reserved 1048576K
}
Event: 7.036 GC heap before
{Heap before GC invocations=11 (full 0):
 garbage-first heap   total 110592K, used 85135K [0x0000000080000000, 0x0000000100000000)
  region size 1024K, 53 young (54272K), 5 survivors (5120K)
 Metaspace       used 45073K, committed 45568K, reserved 1114112K
  class space    used 6367K, committed 6592K, reserved 1048576K
}
Event: 7.042 GC heap after
{Heap after GC invocations=12 (full 0):
 garbage-first heap   total 110592K, used 39983K [0x0000000080000000, 0x0000000100000000)
  region size 1024K, 7 young (7168K), 7 survivors (7168K)
 Metaspace       used 45073K, committed 45568K, reserved 1114112K
  class space    used 6367K, committed 6592K, reserved 1048576K
}
Event: 7.550 GC heap before
{Heap before GC invocations=12 (full 0):
 garbage-first heap   total 110592K, used 85039K [0x0000000080000000, 0x0000000100000000)
  region size 1024K, 52 young (53248K), 7 survivors (7168K)
 Metaspace       used 46206K, committed 46656K, reserved 1114112K
  class space    used 6510K, committed 6720K, reserved 1048576K
}
Event: 7.557 GC heap after
{Heap after GC invocations=13 (full 0):
 garbage-first heap   total 110592K, used 44066K [0x0000000080000000, 0x0000000100000000)
  region size 1024K, 5 young (5120K), 5 survivors (5120K)
 Metaspace       used 46206K, committed 46656K, reserved 1114112K
  class space    used 6510K, committed 6720K, reserved 1048576K
}

